<?xml version="1.0" encoding="UTF-8"?>
<!-- Generated by org.testng.reporters.JUnitXMLReporter -->
<testsuite ignored="0" hostname="DESKTOP-C2FHU4V" failures="0" tests="5" name="Default test" time="0.116" errors="0" timestamp="29 Dec 2017 11:11:50 GMT">
  <testcase classname="TestNG.parameterswithdataprovider" name="testPrimeNumberChecker" time="0.015"/>
  <testcase classname="TestNG.parameterswithdataprovider" name="testPrimeNumberChecker" time="0.0"/>
  <testcase classname="TestNG.parameterswithdataprovider" name="testPrimeNumberChecker" time="0.0"/>
  <testcase classname="TestNG.parameterswithdataprovider" name="testPrimeNumberChecker" time="0.0"/>
  <testcase classname="TestNG.parameterswithdataprovider" name="testPrimeNumberChecker" time="0.016"/>
</testsuite> <!-- Default test -->
