<?xml version="1.0" encoding="UTF-8"?>
<testng-results ignored="0" total="2" passed="2" failed="0" skipped="0">
  <reporter-output>
    <line>
      <![CDATA[Home Page displayed]]>
    </line>
    <line>
      <![CDATA[UN,PWD are exists]]>
    </line>
    <line>
      <![CDATA[OrangeHRM Page displayed]]>
    </line>
    <line>
      <![CDATA[Welcome qaplanet1 displayed]]>
    </line>
    <line>
      <![CDATA[Signoff sucessfull and Home Page displayed]]>
    </line>
  </reporter-output>
  <suite started-at="2017-12-29T11:40:10Z" name="Tc1andtestngparameters" finished-at="2017-12-29T11:40:21Z" duration-ms="11331">
    <groups>
    </groups>
    <test started-at="2017-12-29T11:40:10Z" name="Tc1" finished-at="2017-12-29T11:40:21Z" duration-ms="11094">
      <class name="TestNG.testng">
        <test-method is-config="true" signature="Config()[pri:0, instance:TestNG.testng@1e683a3e]" started-at="2017-12-29T17:10:10Z" name="Config" finished-at="2017-12-29T17:10:14Z" duration-ms="4088" status="PASS">
          <reporter-output>
          </reporter-output>
        </test-method> <!-- Config -->
        <test-method signature="VerifyOrangeHRM()[pri:0, instance:TestNG.testng@1e683a3e]" started-at="2017-12-29T17:10:14Z" name="VerifyOrangeHRM" finished-at="2017-12-29T17:10:20Z" duration-ms="6233" status="PASS">
          <reporter-output>
            <line>
              <![CDATA[Home Page displayed]]>
            </line>
            <line>
              <![CDATA[UN,PWD are exists]]>
            </line>
            <line>
              <![CDATA[OrangeHRM Page displayed]]>
            </line>
            <line>
              <![CDATA[Welcome qaplanet1 displayed]]>
            </line>
            <line>
              <![CDATA[Signoff sucessfull and Home Page displayed]]>
            </line>
          </reporter-output>
        </test-method> <!-- VerifyOrangeHRM -->
        <test-method is-config="true" signature="Shutdown()[pri:0, instance:TestNG.testng@1e683a3e]" started-at="2017-12-29T17:10:20Z" name="Shutdown" finished-at="2017-12-29T17:10:21Z" duration-ms="751" status="PASS">
          <reporter-output>
          </reporter-output>
        </test-method> <!-- Shutdown -->
      </class> <!-- TestNG.testng -->
    </test> <!-- Tc1 -->
    <test started-at="2017-12-29T11:40:21Z" name="testngparameters" finished-at="2017-12-29T11:40:21Z" duration-ms="7">
      <class name="TestNG.testngparameters_1">
        <test-method signature="parameterTest(java.lang.String)[pri:0, instance:TestNG.testngparameters_1@47faa49c]" started-at="2017-12-29T17:10:21Z" name="parameterTest" finished-at="2017-12-29T17:10:21Z" duration-ms="0" status="PASS">
          <params>
            <param index="0">
              <value>
                <![CDATA[qaplanet1]]>
              </value>
            </param>
          </params>
          <reporter-output>
          </reporter-output>
        </test-method> <!-- parameterTest -->
      </class> <!-- TestNG.testngparameters_1 -->
    </test> <!-- testngparameters -->
    <test started-at="2017-12-29T11:40:21Z" name="frameworks" finished-at="2017-12-29T11:40:21Z" duration-ms="0">
    </test> <!-- frameworks -->
  </suite> <!-- Tc1andtestngparameters -->
</testng-results>
